
*** Running vivado
    with args -log VGAController.vds -m64 -product Vivado -mode batch -messageDb vivado.pb -notrace -source VGAController.tcl


****** Vivado v2019.2 (64-bit)
  **** SW Build 2708876 on Wed Nov  6 21:40:23 MST 2019
  **** IP Build 2700528 on Thu Nov  7 00:09:20 MST 2019
    ** Copyright 1986-2019 Xilinx, Inc. All Rights Reserved.

source VGAController.tcl -notrace
create_project: Time (s): cpu = 00:00:05 ; elapsed = 00:00:21 . Memory (MB): peak = 461.418 ; gain = 184.090
Command: synth_design -top VGAController -part xc7a100tcsg324-1
Starting synth_design
Attempting to get a license for feature 'Synthesis' and/or device 'xc7a100t'
INFO: [Common 17-349] Got license for feature 'Synthesis' and/or device 'xc7a100t'
INFO: [Device 21-403] Loading part xc7a100tcsg324-1
INFO: Launching helper process for spawning children vivado processes
INFO: Helper process launched with PID 15348 
---------------------------------------------------------------------------------
Starting RTL Elaboration : Time (s): cpu = 00:00:06 ; elapsed = 00:00:32 . Memory (MB): peak = 1252.547 ; gain = 226.641
---------------------------------------------------------------------------------
INFO: [Synth 8-638] synthesizing module 'VGAController' [C:/Projetos/Pong_Game/Trabalho_final_Vanessa_Fernanda/Trabalho_final_Vanessa_Fernanda.srcs/sources_1/imports/PongGameVHDL_alterado/VGAController.vhd:18]
INFO: [Synth 8-3491] module 'ClockDivider' declared at 'C:/Projetos/Pong_Game/Trabalho_final_Vanessa_Fernanda/Trabalho_final_Vanessa_Fernanda.srcs/sources_1/imports/PongGameVHDL_alterado/ClockDivider.vhd:12' bound to instance 'Component1' of component 'ClockDivider' [C:/Projetos/Pong_Game/Trabalho_final_Vanessa_Fernanda/Trabalho_final_Vanessa_Fernanda.srcs/sources_1/imports/PongGameVHDL_alterado/VGAController.vhd:34]
INFO: [Synth 8-638] synthesizing module 'ClockDivider' [C:/Projetos/Pong_Game/Trabalho_final_Vanessa_Fernanda/Trabalho_final_Vanessa_Fernanda.srcs/sources_1/imports/PongGameVHDL_alterado/ClockDivider.vhd:17]
INFO: [Synth 8-256] done synthesizing module 'ClockDivider' (1#1) [C:/Projetos/Pong_Game/Trabalho_final_Vanessa_Fernanda/Trabalho_final_Vanessa_Fernanda.srcs/sources_1/imports/PongGameVHDL_alterado/ClockDivider.vhd:17]
INFO: [Synth 8-3491] module 'Sync' declared at 'C:/Projetos/Pong_Game/Trabalho_final_Vanessa_Fernanda/Trabalho_final_Vanessa_Fernanda.srcs/sources_1/imports/PongGameVHDL_alterado/Sync.vhd:15' bound to instance 'Component2' of component 'Sync' [C:/Projetos/Pong_Game/Trabalho_final_Vanessa_Fernanda/Trabalho_final_Vanessa_Fernanda.srcs/sources_1/imports/PongGameVHDL_alterado/VGAController.vhd:37]
INFO: [Synth 8-638] synthesizing module 'Sync' [C:/Projetos/Pong_Game/Trabalho_final_Vanessa_Fernanda/Trabalho_final_Vanessa_Fernanda.srcs/sources_1/imports/PongGameVHDL_alterado/Sync.vhd:22]
INFO: [Synth 8-3491] module 'BallController' declared at 'C:/Projetos/Pong_Game/Trabalho_final_Vanessa_Fernanda/Trabalho_final_Vanessa_Fernanda.srcs/sources_1/imports/PongGameVHDL_alterado/BallController.vhd:14' bound to instance 'ballControl' of component 'BallController' [C:/Projetos/Pong_Game/Trabalho_final_Vanessa_Fernanda/Trabalho_final_Vanessa_Fernanda.srcs/sources_1/imports/PongGameVHDL_alterado/Sync.vhd:58]
INFO: [Synth 8-638] synthesizing module 'BallController' [C:/Projetos/Pong_Game/Trabalho_final_Vanessa_Fernanda/Trabalho_final_Vanessa_Fernanda.srcs/sources_1/imports/PongGameVHDL_alterado/BallController.vhd:23]
WARNING: [Synth 8-6014] Unused sequential element wallHorizontalBounce_reg was removed.  [C:/Projetos/Pong_Game/Trabalho_final_Vanessa_Fernanda/Trabalho_final_Vanessa_Fernanda.srcs/sources_1/imports/PongGameVHDL_alterado/BallController.vhd:59]
WARNING: [Synth 8-6014] Unused sequential element paddleSurfaceBounce_reg was removed.  [C:/Projetos/Pong_Game/Trabalho_final_Vanessa_Fernanda/Trabalho_final_Vanessa_Fernanda.srcs/sources_1/imports/PongGameVHDL_alterado/BallController.vhd:60]
WARNING: [Synth 8-6014] Unused sequential element paddleSideBounce_reg was removed.  [C:/Projetos/Pong_Game/Trabalho_final_Vanessa_Fernanda/Trabalho_final_Vanessa_Fernanda.srcs/sources_1/imports/PongGameVHDL_alterado/BallController.vhd:63]
WARNING: [Synth 8-6014] Unused sequential element paddleAISurfaceBounce_reg was removed.  [C:/Projetos/Pong_Game/Trabalho_final_Vanessa_Fernanda/Trabalho_final_Vanessa_Fernanda.srcs/sources_1/imports/PongGameVHDL_alterado/BallController.vhd:85]
WARNING: [Synth 8-6014] Unused sequential element paddleAISideBounce_reg was removed.  [C:/Projetos/Pong_Game/Trabalho_final_Vanessa_Fernanda/Trabalho_final_Vanessa_Fernanda.srcs/sources_1/imports/PongGameVHDL_alterado/BallController.vhd:88]
INFO: [Synth 8-256] done synthesizing module 'BallController' (2#1) [C:/Projetos/Pong_Game/Trabalho_final_Vanessa_Fernanda/Trabalho_final_Vanessa_Fernanda.srcs/sources_1/imports/PongGameVHDL_alterado/BallController.vhd:23]
WARNING: [Synth 8-3848] Net frameVisible in module/entity Sync does not have driver. [C:/Projetos/Pong_Game/Trabalho_final_Vanessa_Fernanda/Trabalho_final_Vanessa_Fernanda.srcs/sources_1/imports/PongGameVHDL_alterado/Sync.vhd:34]
INFO: [Synth 8-256] done synthesizing module 'Sync' (3#1) [C:/Projetos/Pong_Game/Trabalho_final_Vanessa_Fernanda/Trabalho_final_Vanessa_Fernanda.srcs/sources_1/imports/PongGameVHDL_alterado/Sync.vhd:22]
INFO: [Synth 8-256] done synthesizing module 'VGAController' (4#1) [C:/Projetos/Pong_Game/Trabalho_final_Vanessa_Fernanda/Trabalho_final_Vanessa_Fernanda.srcs/sources_1/imports/PongGameVHDL_alterado/VGAController.vhd:18]
WARNING: [Synth 8-3331] design VGAController has unconnected port BTNU
WARNING: [Synth 8-3331] design VGAController has unconnected port BTND
---------------------------------------------------------------------------------
Finished RTL Elaboration : Time (s): cpu = 00:00:09 ; elapsed = 00:00:42 . Memory (MB): peak = 1326.363 ; gain = 300.457
---------------------------------------------------------------------------------

Report Check Netlist: 
+------+------------------+-------+---------+-------+------------------+
|      |Item              |Errors |Warnings |Status |Description       |
+------+------------------+-------+---------+-------+------------------+
|1     |multi_driven_nets |      0|        0|Passed |Multi driven nets |
+------+------------------+-------+---------+-------+------------------+
---------------------------------------------------------------------------------
Start Handling Custom Attributes
---------------------------------------------------------------------------------
---------------------------------------------------------------------------------
Finished Handling Custom Attributes : Time (s): cpu = 00:00:10 ; elapsed = 00:00:44 . Memory (MB): peak = 1326.363 ; gain = 300.457
---------------------------------------------------------------------------------
---------------------------------------------------------------------------------
Finished RTL Optimization Phase 1 : Time (s): cpu = 00:00:10 ; elapsed = 00:00:44 . Memory (MB): peak = 1326.363 ; gain = 300.457
---------------------------------------------------------------------------------
Netlist sorting complete. Time (s): cpu = 00:00:00 ; elapsed = 00:00:00.087 . Memory (MB): peak = 1326.363 ; gain = 0.000
INFO: [Project 1-570] Preparing netlist for logic optimization

Processing XDC Constraints
Initializing timing engine
Parsing XDC File [C:/Projetos/Pong_Game/Trabalho_final_Vanessa_Fernanda/Trabalho_final_Vanessa_Fernanda.srcs/constrs_1/imports/Projetos/Nexys-4-DDR-Master.xdc]
WARNING: [Vivado 12-584] No ports matched 'CPU_RESETN'. [C:/Projetos/Pong_Game/Trabalho_final_Vanessa_Fernanda/Trabalho_final_Vanessa_Fernanda.srcs/constrs_1/imports/Projetos/Nexys-4-DDR-Master.xdc:18]
CRITICAL WARNING: [Common 17-55] 'set_property' expects at least one object. [C:/Projetos/Pong_Game/Trabalho_final_Vanessa_Fernanda/Trabalho_final_Vanessa_Fernanda.srcs/constrs_1/imports/Projetos/Nexys-4-DDR-Master.xdc:18]
Resolution: If [get_<value>] was used to populate the object, check to make sure this command returns at least one valid object.
Finished Parsing XDC File [C:/Projetos/Pong_Game/Trabalho_final_Vanessa_Fernanda/Trabalho_final_Vanessa_Fernanda.srcs/constrs_1/imports/Projetos/Nexys-4-DDR-Master.xdc]
INFO: [Project 1-236] Implementation specific constraints were found while reading constraint file [C:/Projetos/Pong_Game/Trabalho_final_Vanessa_Fernanda/Trabalho_final_Vanessa_Fernanda.srcs/constrs_1/imports/Projetos/Nexys-4-DDR-Master.xdc]. These constraints will be ignored for synthesis but will be used in implementation. Impacted constraints are listed in the file [.Xil/VGAController_propImpl.xdc].
Resolution: To avoid this warning, move constraints listed in [.Xil/VGAController_propImpl.xdc] to another XDC file and exclude this new file from synthesis with the used_in_synthesis property (File Properties dialog in GUI) and re-run elaboration/synthesis.
Completed Processing XDC Constraints

Netlist sorting complete. Time (s): cpu = 00:00:00 ; elapsed = 00:00:00.002 . Memory (MB): peak = 1440.426 ; gain = 0.000
INFO: [Project 1-111] Unisim Transformation Summary:
No Unisim elements were transformed.

Constraint Validation Runtime : Time (s): cpu = 00:00:00 ; elapsed = 00:00:00.255 . Memory (MB): peak = 1440.426 ; gain = 0.000
---------------------------------------------------------------------------------
Finished Constraint Validation : Time (s): cpu = 00:00:20 ; elapsed = 00:01:23 . Memory (MB): peak = 1440.426 ; gain = 414.520
---------------------------------------------------------------------------------
---------------------------------------------------------------------------------
Start Loading Part and Timing Information
---------------------------------------------------------------------------------
Loading part: xc7a100tcsg324-1
---------------------------------------------------------------------------------
Finished Loading Part and Timing Information : Time (s): cpu = 00:00:20 ; elapsed = 00:01:23 . Memory (MB): peak = 1440.426 ; gain = 414.520
---------------------------------------------------------------------------------
---------------------------------------------------------------------------------
Start Applying 'set_property' XDC Constraints
---------------------------------------------------------------------------------
---------------------------------------------------------------------------------
Finished applying 'set_property' XDC Constraints : Time (s): cpu = 00:00:21 ; elapsed = 00:01:24 . Memory (MB): peak = 1440.426 ; gain = 414.520
---------------------------------------------------------------------------------
INFO: [Synth 8-5544] ROM "paddleWidth" won't be mapped to Block RAM because address size (2) smaller than threshold (5)
INFO: [Synth 8-5546] ROM "message[0]" won't be mapped to RAM because it is too sparse
INFO: [Synth 8-5546] ROM "result1[0]" won't be mapped to RAM because it is too sparse
INFO: [Synth 8-5546] ROM "result2[0]" won't be mapped to RAM because it is too sparse
INFO: [Synth 8-5546] ROM "gameLabel[0]" won't be mapped to RAM because it is too sparse
---------------------------------------------------------------------------------
Finished RTL Optimization Phase 2 : Time (s): cpu = 00:00:23 ; elapsed = 00:01:26 . Memory (MB): peak = 1440.426 ; gain = 414.520
---------------------------------------------------------------------------------

Report RTL Partitions: 
+------+--------------+------------+----------+
|      |RTL Partition |Replication |Instances |
+------+--------------+------------+----------+
|1     |Sync__GB0     |           1|     30686|
|2     |Sync__GB1     |           1|     12276|
|3     |Sync__GB2     |           1|     11886|
|4     |Sync__GB3     |           1|     16378|
|5     |ClockDivider  |           1|         4|
+------+--------------+------------+----------+
---------------------------------------------------------------------------------
Start RTL Component Statistics 
---------------------------------------------------------------------------------
Detailed RTL Component Info : 
+---Adders : 
	   3 Input     33 Bit       Adders := 1     
	   2 Input     32 Bit       Adders := 26    
	   2 Input     31 Bit       Adders := 22    
	   3 Input     11 Bit       Adders := 17    
	   2 Input     11 Bit       Adders := 3     
	   4 Input     11 Bit       Adders := 1     
	   2 Input     10 Bit       Adders := 54    
	   2 Input      9 Bit       Adders := 2     
+---Registers : 
	               32 Bit    Registers := 3     
	               12 Bit    Registers := 1     
	               10 Bit    Registers := 6     
	                1 Bit    Registers := 7     
+---Muxes : 
	  47 Input    398 Bit        Muxes := 1     
	   2 Input     32 Bit        Muxes := 7     
	   9 Input     12 Bit        Muxes := 1     
	   2 Input     10 Bit        Muxes := 2     
	   4 Input      8 Bit        Muxes := 1     
	   2 Input      1 Bit        Muxes := 8     
---------------------------------------------------------------------------------
Finished RTL Component Statistics 
---------------------------------------------------------------------------------
---------------------------------------------------------------------------------
Start RTL Hierarchical Component Statistics 
---------------------------------------------------------------------------------
Hierarchical RTL Component report 
Module ClockDivider 
Detailed RTL Component Info : 
+---Registers : 
	                1 Bit    Registers := 2     
Module BallController 
Detailed RTL Component Info : 
+---Adders : 
	   2 Input     32 Bit       Adders := 16    
	   2 Input     31 Bit       Adders := 11    
	   2 Input     10 Bit       Adders := 24    
+---Registers : 
	               32 Bit    Registers := 2     
	               10 Bit    Registers := 2     
	                1 Bit    Registers := 4     
+---Muxes : 
	   2 Input     32 Bit        Muxes := 6     
Module Sync 
Detailed RTL Component Info : 
+---Adders : 
	   3 Input     33 Bit       Adders := 1     
	   2 Input     32 Bit       Adders := 10    
	   2 Input     31 Bit       Adders := 11    
	   3 Input     11 Bit       Adders := 17    
	   2 Input     11 Bit       Adders := 3     
	   4 Input     11 Bit       Adders := 1     
	   2 Input     10 Bit       Adders := 30    
	   2 Input      9 Bit       Adders := 2     
+---Registers : 
	               32 Bit    Registers := 1     
	               12 Bit    Registers := 1     
	               10 Bit    Registers := 4     
	                1 Bit    Registers := 1     
+---Muxes : 
	  47 Input    398 Bit        Muxes := 1     
	   2 Input     32 Bit        Muxes := 1     
	   9 Input     12 Bit        Muxes := 1     
	   2 Input     10 Bit        Muxes := 2     
	   4 Input      8 Bit        Muxes := 1     
	   2 Input      1 Bit        Muxes := 8     
---------------------------------------------------------------------------------
Finished RTL Hierarchical Component Statistics
---------------------------------------------------------------------------------
---------------------------------------------------------------------------------
Start Part Resource Summary
---------------------------------------------------------------------------------
Part Resources:
DSPs: 240 (col length:80)
BRAMs: 270 (col length: RAMB18 80 RAMB36 40)
---------------------------------------------------------------------------------
Finished Part Resource Summary
---------------------------------------------------------------------------------
---------------------------------------------------------------------------------
Start Cross Boundary and Area Optimization
---------------------------------------------------------------------------------
Warning: Parallel synthesis criteria is not met 
DSP Report: Generating DSP paddleAIRight4, operation Mode is: A*B.
DSP Report: operator paddleAIRight4 is absorbed into DSP paddleAIRight4.
WARNING: [Synth 8-3331] design VGAController has unconnected port BTNU
WARNING: [Synth 8-3331] design VGAController has unconnected port BTND
INFO: [Synth 8-3886] merging instance 'Component2i_3/rgbCurrent_reg[0]' (FD) to 'Component2i_3/rgbCurrent_reg[8]'
INFO: [Synth 8-3886] merging instance 'Component2i_3/rgbCurrent_reg[1]' (FD) to 'Component2i_3/rgbCurrent_reg[2]'
INFO: [Synth 8-3886] merging instance 'Component2i_3/rgbCurrent_reg[2]' (FD) to 'Component2i_3/rgbCurrent_reg[3]'
INFO: [Synth 8-3886] merging instance 'Component2i_3/rgbCurrent_reg[3]' (FD) to 'Component2i_3/rgbCurrent_reg[9]'
INFO: [Synth 8-3886] merging instance 'Component2i_3/rgbCurrent_reg[5]' (FD) to 'Component2i_3/rgbCurrent_reg[6]'
INFO: [Synth 8-3886] merging instance 'Component2i_3/rgbCurrent_reg[10]' (FD) to 'Component2i_3/rgbCurrent_reg[11]'
---------------------------------------------------------------------------------
Finished Cross Boundary and Area Optimization : Time (s): cpu = 00:01:27 ; elapsed = 00:02:38 . Memory (MB): peak = 1492.027 ; gain = 466.121
---------------------------------------------------------------------------------
---------------------------------------------------------------------------------
Start ROM, RAM, DSP and Shift Register Reporting
---------------------------------------------------------------------------------

DSP: Preliminary Mapping	Report (see note below)
+------------+-------------+--------+--------+--------+--------+--------+------+------+------+------+-------+------+------+
|Module Name | DSP Mapping | A Size | B Size | C Size | D Size | P Size | AREG | BREG | CREG | DREG | ADREG | MREG | PREG | 
+------------+-------------+--------+--------+--------+--------+--------+------+------+------+------+-------+------+------+
|Sync        | A*B         | 10     | 10     | -      | -      | 20     | 0    | 0    | -    | -    | -     | 0    | 0    | 
+------------+-------------+--------+--------+--------+--------+--------+------+------+------+------+-------+------+------+

Note: The table above is a preliminary report that shows the DSPs inferred at the current stage of the synthesis flow. Some DSP may be reimplemented as non DSP primitives later in the synthesis flow. Multiple instantiated DSPs are reported only once.
---------------------------------------------------------------------------------
Finished ROM, RAM, DSP and Shift Register Reporting
---------------------------------------------------------------------------------

Report RTL Partitions: 
+------+--------------+------------+----------+
|      |RTL Partition |Replication |Instances |
+------+--------------+------------+----------+
|1     |Sync__GB0     |           1|      1679|
|2     |Sync__GB1     |           1|       449|
|3     |Sync__GB2     |           1|       494|
|4     |Sync__GB3     |           1|      5087|
|5     |ClockDivider  |           1|         4|
+------+--------------+------------+----------+
---------------------------------------------------------------------------------
Start Applying XDC Timing Constraints
---------------------------------------------------------------------------------
---------------------------------------------------------------------------------
Finished Applying XDC Timing Constraints : Time (s): cpu = 00:01:46 ; elapsed = 00:03:02 . Memory (MB): peak = 1492.027 ; gain = 466.121
---------------------------------------------------------------------------------
---------------------------------------------------------------------------------
Start Timing Optimization
---------------------------------------------------------------------------------
---------------------------------------------------------------------------------
Finished Timing Optimization : Time (s): cpu = 00:01:46 ; elapsed = 00:03:03 . Memory (MB): peak = 1492.027 ; gain = 466.121
---------------------------------------------------------------------------------

Report RTL Partitions: 
+------+--------------+------------+----------+
|      |RTL Partition |Replication |Instances |
+------+--------------+------------+----------+
|1     |Sync__GB0     |           1|      1679|
|2     |Sync__GB1     |           1|       449|
|3     |Sync__GB2     |           1|       494|
|4     |Sync__GB3     |           1|      5087|
|5     |ClockDivider  |           1|         4|
+------+--------------+------------+----------+
---------------------------------------------------------------------------------
Start Technology Mapping
---------------------------------------------------------------------------------
---------------------------------------------------------------------------------
Finished Technology Mapping : Time (s): cpu = 00:01:49 ; elapsed = 00:03:09 . Memory (MB): peak = 1559.293 ; gain = 533.387
---------------------------------------------------------------------------------

Report RTL Partitions: 
+-+--------------+------------+----------+
| |RTL Partition |Replication |Instances |
+-+--------------+------------+----------+
+-+--------------+------------+----------+
---------------------------------------------------------------------------------
Start IO Insertion
---------------------------------------------------------------------------------
---------------------------------------------------------------------------------
Start Flattening Before IO Insertion
---------------------------------------------------------------------------------
---------------------------------------------------------------------------------
Finished Flattening Before IO Insertion
---------------------------------------------------------------------------------
---------------------------------------------------------------------------------
Start Final Netlist Cleanup
---------------------------------------------------------------------------------
---------------------------------------------------------------------------------
Finished Final Netlist Cleanup
---------------------------------------------------------------------------------
---------------------------------------------------------------------------------
Finished IO Insertion : Time (s): cpu = 00:01:57 ; elapsed = 00:03:22 . Memory (MB): peak = 1563.629 ; gain = 537.723
---------------------------------------------------------------------------------
---------------------------------------------------------------------------------
Start Renaming Generated Instances
---------------------------------------------------------------------------------
---------------------------------------------------------------------------------
Finished Renaming Generated Instances : Time (s): cpu = 00:01:57 ; elapsed = 00:03:22 . Memory (MB): peak = 1563.629 ; gain = 537.723
---------------------------------------------------------------------------------

Report RTL Partitions: 
+-+--------------+------------+----------+
| |RTL Partition |Replication |Instances |
+-+--------------+------------+----------+
+-+--------------+------------+----------+

Report Check Netlist: 
+------+------------------+-------+---------+-------+------------------+
|      |Item              |Errors |Warnings |Status |Description       |
+------+------------------+-------+---------+-------+------------------+
|1     |multi_driven_nets |      0|        0|Passed |Multi driven nets |
+------+------------------+-------+---------+-------+------------------+
---------------------------------------------------------------------------------
Start Rebuilding User Hierarchy
---------------------------------------------------------------------------------
---------------------------------------------------------------------------------
Finished Rebuilding User Hierarchy : Time (s): cpu = 00:01:57 ; elapsed = 00:03:23 . Memory (MB): peak = 1563.629 ; gain = 537.723
---------------------------------------------------------------------------------
---------------------------------------------------------------------------------
Start Renaming Generated Ports
---------------------------------------------------------------------------------
---------------------------------------------------------------------------------
Finished Renaming Generated Ports : Time (s): cpu = 00:01:57 ; elapsed = 00:03:23 . Memory (MB): peak = 1563.629 ; gain = 537.723
---------------------------------------------------------------------------------
---------------------------------------------------------------------------------
Start Handling Custom Attributes
---------------------------------------------------------------------------------
---------------------------------------------------------------------------------
Finished Handling Custom Attributes : Time (s): cpu = 00:01:58 ; elapsed = 00:03:23 . Memory (MB): peak = 1563.629 ; gain = 537.723
---------------------------------------------------------------------------------
---------------------------------------------------------------------------------
Start Renaming Generated Nets
---------------------------------------------------------------------------------
---------------------------------------------------------------------------------
Finished Renaming Generated Nets : Time (s): cpu = 00:01:58 ; elapsed = 00:03:23 . Memory (MB): peak = 1563.629 ; gain = 537.723
---------------------------------------------------------------------------------
---------------------------------------------------------------------------------
Start Writing Synthesis Report
---------------------------------------------------------------------------------

Report BlackBoxes: 
+-+--------------+----------+
| |BlackBox name |Instances |
+-+--------------+----------+
+-+--------------+----------+

Report Cell Usage: 
+------+--------+------+
|      |Cell    |Count |
+------+--------+------+
|1     |BUFG    |     3|
|2     |CARRY4  |   324|
|3     |DSP48E1 |     1|
|4     |LUT1    |   378|
|5     |LUT2    |   149|
|6     |LUT3    |   155|
|7     |LUT4    |   370|
|8     |LUT5    |   302|
|9     |LUT6    |  1212|
|10    |MUXF7   |   173|
|11    |MUXF8   |    45|
|12    |FDRE    |   186|
|13    |FDSE    |    33|
|14    |IBUF    |     6|
|15    |OBUF    |    14|
+------+--------+------+

Report Instance Areas: 
+------+----------------+---------------+------+
|      |Instance        |Module         |Cells |
+------+----------------+---------------+------+
|1     |top             |               |  3351|
|2     |  Component1    |ClockDivider   |     4|
|3     |  Component2    |Sync           |  3235|
|4     |    ballControl |BallController |  1035|
+------+----------------+---------------+------+
---------------------------------------------------------------------------------
Finished Writing Synthesis Report : Time (s): cpu = 00:01:58 ; elapsed = 00:03:23 . Memory (MB): peak = 1563.629 ; gain = 537.723
---------------------------------------------------------------------------------
Synthesis finished with 0 errors, 0 critical warnings and 2 warnings.
Synthesis Optimization Runtime : Time (s): cpu = 00:01:44 ; elapsed = 00:02:52 . Memory (MB): peak = 1563.629 ; gain = 423.660
Synthesis Optimization Complete : Time (s): cpu = 00:01:58 ; elapsed = 00:03:24 . Memory (MB): peak = 1563.629 ; gain = 537.723
INFO: [Project 1-571] Translating synthesized netlist
Netlist sorting complete. Time (s): cpu = 00:00:00 ; elapsed = 00:00:00.074 . Memory (MB): peak = 1575.684 ; gain = 0.000
INFO: [Netlist 29-17] Analyzing 543 Unisim elements for replacement
INFO: [Netlist 29-28] Unisim Transformation completed in 0 CPU seconds
INFO: [Project 1-570] Preparing netlist for logic optimization
INFO: [Opt 31-138] Pushed 0 inverter(s) to 0 load pin(s).
Netlist sorting complete. Time (s): cpu = 00:00:00 ; elapsed = 00:00:00.003 . Memory (MB): peak = 1575.684 ; gain = 0.000
INFO: [Project 1-111] Unisim Transformation Summary:
No Unisim elements were transformed.

INFO: [Common 17-83] Releasing license: Synthesis
34 Infos, 11 Warnings, 1 Critical Warnings and 0 Errors encountered.
synth_design completed successfully
synth_design: Time (s): cpu = 00:02:10 ; elapsed = 00:04:53 . Memory (MB): peak = 1575.684 ; gain = 843.449
Netlist sorting complete. Time (s): cpu = 00:00:00 ; elapsed = 00:00:00.003 . Memory (MB): peak = 1575.684 ; gain = 0.000
WARNING: [Constraints 18-5210] No constraints selected for write.
Resolution: This message can indicate that there are no constraints for the design, or it can indicate that the used_in flags are set such that the constraints are ignored. This later case is used when running synth_design to not write synthesis constraints to the resulting checkpoint. Instead, project constraints are read when the synthesized design is opened.
INFO: [Common 17-1381] The checkpoint 'C:/Projetos/Pong_Game/Trabalho_final_Vanessa_Fernanda/Trabalho_final_Vanessa_Fernanda.runs/synth_1/VGAController.dcp' has been generated.
write_checkpoint: Time (s): cpu = 00:00:01 ; elapsed = 00:00:14 . Memory (MB): peak = 1575.684 ; gain = 0.000
INFO: [runtcl-4] Executing : report_utilization -file VGAController_utilization_synth.rpt -pb VGAController_utilization_synth.pb
INFO: [Common 17-206] Exiting Vivado at Tue Dec 10 18:45:55 2019...
